Drill report for 16ch-driver-v1.kicad_pcb
Created on 2024-09-04T11:05:34-0400

Copper Layer Stackup:
    =============================================================
    L1 :  F.Cu                      front
    L2 :  In1.Cu                    in1
    L3 :  In2.Cu                    in2
    L4 :  B.Cu                      back


Drill file '16ch-driver-v1-PTH.drl' contains
    plated through holes:
    =============================================================
    T1  0.400mm  0.0157"  (308 holes)
    T2  1.000mm  0.0394"  (120 holes)  (with 4 slots)

    Total plated holes count 428


Drill file '16ch-driver-v1-NPTH.drl' contains
    unplated through holes:
    =============================================================
    T1  1.250mm  0.0492"  (16 holes)
    T2  1.600mm  0.0630"  (1 hole)
    T3  3.200mm  0.1260"  (4 holes)

    Total unplated holes count 21
