08-25 13:58:11 com_github_MitjaNemec_ReplicateLayout.action_replicate_layout 392:Plugin executed on: 'win32'
08-25 13:58:11 com_github_MitjaNemec_ReplicateLayout.action_replicate_layout 393:Plugin executed with python version: '3.11.5 (main, Jan 19 2024, 08:13:45) [MSC v.1936 64 bit (AMD64)]'
08-25 13:58:11 com_github_MitjaNemec_ReplicateLayout.action_replicate_layout 394:KiCad build version: 8.0.0
08-25 13:58:11 com_github_MitjaNemec_ReplicateLayout.action_replicate_layout 395:Plugin version: 3.0.3
08-25 13:58:11 com_github_MitjaNemec_ReplicateLayout.action_replicate_layout 396:Frame repr: <wx._core.Frame object at 0x000001A0C54103A0>
08-25 13:58:11 com_github_MitjaNemec_ReplicateLayout.action_replicate_layout 420:Preparing replicator with U1 as a reference
08-25 13:58:11 com_github_MitjaNemec_ReplicateLayout.replicate_layout 117:getting a list of all footprints on board
08-25 13:58:11 com_github_MitjaNemec_ReplicateLayout.action_replicate_layout 468:source anchor footprint is 'U1'
Located on: ['SpikeAndHoldDriverAndLEDs-1']
With filenames: ['additonal-channels-p1.kicad_sch']
With sheet_id:['SpikeAndHoldDriverAndLEDs-1']
08-25 13:58:11 com_github_MitjaNemec_ReplicateLayout.action_replicate_layout 475:Corresponding footprints are 
[('U16', ['SpikeAndHoldDriverAndLEDs-16']), ('U15', ['SpikeAndHoldDriverAndLEDs-15']), ('U14', ['SpikeAndHoldDriverAndLEDs-14']), ('U13', ['SpikeAndHoldDriverAndLEDs-13']), ('U12', ['SpikeAndHoldDriverAndLEDs-12']), ('U11', ['SpikeAndHoldDriverAndLEDs-11']), ('U10', ['SpikeAndHoldDriverAndLEDs-10']), ('U9', ['SpikeAndHoldDriverAndLEDs-9']), ('U8', ['SpikeAndHoldDriverAndLEDs-8']), ('U7', ['SpikeAndHoldDriverAndLEDs-7']), ('U6', ['SpikeAndHoldDriverAndLEDs-6']), ('U5', ['SpikeAndHoldDriverAndLEDs-5']), ('U4', ['SpikeAndHoldDriverAndLEDs-4']), ('U3', ['SpikeAndHoldDriverAndLEDs-3']), ('U2', ['SpikeAndHoldDriverAndLEDs-2']), ('U1', ['SpikeAndHoldDriverAndLEDs-1'])]
08-25 13:58:11 com_github_MitjaNemec_ReplicateLayout.action_replicate_layout 487:Showing dialog
08-25 13:58:11 com_github_MitjaNemec_ReplicateLayout.replicate_layout 472:constructing a list of sheets suitable for replication on level:'SpikeAndHoldDriverAndLEDs-1', file:'additonal-channels-p1.kicad_sch'
08-25 13:58:11 com_github_MitjaNemec_ReplicateLayout.replicate_layout 509:suitable sheets are:[['SpikeAndHoldDriverAndLEDs-10'], ['SpikeAndHoldDriverAndLEDs-11'], ['SpikeAndHoldDriverAndLEDs-12'], ['SpikeAndHoldDriverAndLEDs-13'], ['SpikeAndHoldDriverAndLEDs-14'], ['SpikeAndHoldDriverAndLEDs-15'], ['SpikeAndHoldDriverAndLEDs-16'], ['SpikeAndHoldDriverAndLEDs-2'], ['SpikeAndHoldDriverAndLEDs-3'], ['SpikeAndHoldDriverAndLEDs-4'], ['SpikeAndHoldDriverAndLEDs-5'], ['SpikeAndHoldDriverAndLEDs-6'], ['SpikeAndHoldDriverAndLEDs-7'], ['SpikeAndHoldDriverAndLEDs-8'], ['SpikeAndHoldDriverAndLEDs-9']]
08-25 13:58:11 com_github_MitjaNemec_ReplicateLayout.replicate_layout 1507:Level selected: ['SpikeAndHoldDriverAndLEDs-1']
08-25 13:58:11 com_github_MitjaNemec_ReplicateLayout.replicate_layout 1331:Filtering list of tracks
08-25 13:58:11 com_github_MitjaNemec_ReplicateLayout.action_replicate_layout 493:Toolbar position: wx.Point(3788, 116)
08-25 13:58:11 com_github_MitjaNemec_ReplicateLayout.action_replicate_layout 498:Dialog position: wx.Point(3349, 116)
08-25 13:58:33 com_github_MitjaNemec_ReplicateLayout.replicate_layout 472:constructing a list of sheets suitable for replication on level:'SpikeAndHoldDriverAndLEDs-1', file:'additonal-channels-p1.kicad_sch'
08-25 13:58:33 com_github_MitjaNemec_ReplicateLayout.replicate_layout 509:suitable sheets are:[['SpikeAndHoldDriverAndLEDs-10'], ['SpikeAndHoldDriverAndLEDs-11'], ['SpikeAndHoldDriverAndLEDs-12'], ['SpikeAndHoldDriverAndLEDs-13'], ['SpikeAndHoldDriverAndLEDs-14'], ['SpikeAndHoldDriverAndLEDs-15'], ['SpikeAndHoldDriverAndLEDs-16'], ['SpikeAndHoldDriverAndLEDs-2'], ['SpikeAndHoldDriverAndLEDs-3'], ['SpikeAndHoldDriverAndLEDs-4'], ['SpikeAndHoldDriverAndLEDs-5'], ['SpikeAndHoldDriverAndLEDs-6'], ['SpikeAndHoldDriverAndLEDs-7'], ['SpikeAndHoldDriverAndLEDs-8'], ['SpikeAndHoldDriverAndLEDs-9']]
08-25 13:58:33 com_github_MitjaNemec_ReplicateLayout.action_replicate_layout 240:Replicating layout
08-25 13:58:33 com_github_MitjaNemec_ReplicateLayout.replicate_layout 288:Starting replication of sheets: [['SpikeAndHoldDriverAndLEDs-10'], ['SpikeAndHoldDriverAndLEDs-11'], ['SpikeAndHoldDriverAndLEDs-12'], ['SpikeAndHoldDriverAndLEDs-13'], ['SpikeAndHoldDriverAndLEDs-14'], ['SpikeAndHoldDriverAndLEDs-15'], ['SpikeAndHoldDriverAndLEDs-16'], ['SpikeAndHoldDriverAndLEDs-2'], ['SpikeAndHoldDriverAndLEDs-3'], ['SpikeAndHoldDriverAndLEDs-4'], ['SpikeAndHoldDriverAndLEDs-5'], ['SpikeAndHoldDriverAndLEDs-6'], ['SpikeAndHoldDriverAndLEDs-7'], ['SpikeAndHoldDriverAndLEDs-8'], ['SpikeAndHoldDriverAndLEDs-9']]
on level: ['SpikeAndHoldDriverAndLEDs-1']
with tracks=True, zone=True, text=True, text=True, intersecting=False, remove=True, locked footprints=False, group_only=False
08-25 13:58:33 root 332:updating GUI message: 'Preparing for replication'
08-25 13:58:33 root 337:updating GUI with: 0
08-25 13:58:33 com_github_MitjaNemec_ReplicateLayout.replicate_layout 358:Getting the list of source footprints
08-25 13:58:33 com_github_MitjaNemec_ReplicateLayout.replicate_layout 368:Getting the list of all the remaining footprints
08-25 13:58:33 com_github_MitjaNemec_ReplicateLayout.replicate_layout 375:Getting source tracks
08-25 13:58:33 com_github_MitjaNemec_ReplicateLayout.replicate_layout 1331:Filtering list of tracks
08-25 13:58:33 com_github_MitjaNemec_ReplicateLayout.replicate_layout 379:Getting source zones
08-25 13:58:33 com_github_MitjaNemec_ReplicateLayout.replicate_layout 383:Getting source text items
08-25 13:58:33 com_github_MitjaNemec_ReplicateLayout.replicate_layout 387:Getting source drawing items
